<?xml version="1.0" encoding="UTF-8"?>
<testsuite name="GameTest" tests="1" skipped="0" failures="0" errors="0" timestamp="2019-01-13T22:21:55" hostname="Olgas-MacBook-Air.local" time="0.018">
  <properties/>
  <testcase name="whenGameStartsWellcomigMessageIsShown()" classname="GameTest" time="0.018"/>
  <system-out><![CDATA[]]></system-out>
  <system-err><![CDATA[]]></system-err>
</testsuite>
